<?xml version="1.0" encoding="UTF-8"?>
<!-- Generated by org.testng.reporters.JUnitXMLReporter -->
<testsuite hostname="DESKTOP-AMOHKHO" name="chrome" tests="3" failures="3" timestamp="21 Feb 2017 08:42:35 GMT" time="20.312" errors="0">
  <testcase name="UserLogin" time="0.013" classname="Puma_Steps.Loginsteps">
    <failure type="java.lang.NullPointerException">
      <![CDATA[java.lang.NullPointerException
	at Puma_Pages.PageUtilities.elementHighlight(PageUtilities.java:175)
	at Puma_Pages.PageUtilities.highlightAndClick(PageUtilities.java:97)
	at Puma_Pages.LoginPage.Enter_Email_Password(LoginPage.java:68)
	at Puma_Steps.Loginsteps.UserLogin(Loginsteps.java:44)
	at java.util.concurrent.FutureTask.run(Unknown Source)
	at java.util.concurrent.ThreadPoolExecutor.runWorker(Unknown Source)
	at java.util.concurrent.ThreadPoolExecutor$Worker.run(Unknown Source)
	at java.lang.Thread.run(Unknown Source)
... Removed 16 stack frames]]>
    </failure>
  </testcase> <!-- UserLogin -->
  <testcase name="UserLogin" time="0.013" classname="Puma_Steps.Loginsteps">
    <failure type="java.lang.NullPointerException">
      <![CDATA[java.lang.NullPointerException
	at Puma_Pages.PageUtilities.elementHighlight(PageUtilities.java:175)
	at Puma_Pages.PageUtilities.highlightAndClick(PageUtilities.java:97)
	at Puma_Pages.LoginPage.Enter_Email_Password(LoginPage.java:68)
	at Puma_Steps.Loginsteps.UserLogin(Loginsteps.java:44)
	at java.util.concurrent.FutureTask.run(Unknown Source)
	at java.util.concurrent.ThreadPoolExecutor.runWorker(Unknown Source)
	at java.util.concurrent.ThreadPoolExecutor$Worker.run(Unknown Source)
	at java.lang.Thread.run(Unknown Source)
... Removed 16 stack frames]]>
    </failure>
  </testcase> <!-- UserLogin -->
  <testcase name="UserLogin" time="0.003" classname="Puma_Steps.Loginsteps">
    <failure type="java.lang.NullPointerException">
      <![CDATA[java.lang.NullPointerException
	at Puma_Pages.PageUtilities.elementHighlight(PageUtilities.java:175)
	at Puma_Pages.PageUtilities.highlightAndClick(PageUtilities.java:97)
	at Puma_Pages.LoginPage.Enter_Email_Password(LoginPage.java:68)
	at Puma_Steps.Loginsteps.UserLogin(Loginsteps.java:44)
	at java.util.concurrent.FutureTask.run(Unknown Source)
	at java.util.concurrent.ThreadPoolExecutor.runWorker(Unknown Source)
	at java.util.concurrent.ThreadPoolExecutor$Worker.run(Unknown Source)
	at java.lang.Thread.run(Unknown Source)
... Removed 16 stack frames]]>
    </failure>
  </testcase> <!-- UserLogin -->
</testsuite> <!-- chrome -->
